#
# There is insufficient memory for the Java Runtime Environment to continue.
# Native memory allocation (malloc) failed to allocate 1254816 bytes for Chunk::new
# Possible reasons:
#   The system is out of physical RAM or swap space
#   In 32 bit mode, the process size limit was hit
# Possible solutions:
#   Reduce memory load on the system
#   Increase physical memory or swap space
#   Check if swap backing store is full
#   Use 64 bit Java on a 64 bit OS
#   Decrease Java heap size (-Xmx/-Xms)
#   Decrease number of Java threads
#   Decrease Java thread stack sizes (-Xss)
#   Set larger code cache with -XX:ReservedCodeCacheSize=
# This output file may be truncated or incomplete.
#
#  Out of Memory Error (allocation.cpp:390), pid=4052, tid=0x000000000000125c
#
# JRE version: Java(TM) SE Runtime Environment (8.0_144-b01) (build 1.8.0_144-b01)
# Java VM: Java HotSpot(TM) 64-Bit Server VM (25.144-b01 mixed mode windows-amd64 compressed oops)
# Failed to write core dump. Minidumps are not enabled by default on client versions of Windows
#

---------------  T H R E A D  ---------------

Current thread (0x000000001d9ca800):  JavaThread "C2 CompilerThread1" daemon [_thread_in_native, id=4700, stack(0x000000001f1f0000,0x000000001f2f0000)]

Stack: [0x000000001f1f0000,0x000000001f2f0000]
[error occurred during error reporting (printing stack bounds), id 0xc0000005]

Native frames: (J=compiled Java code, j=interpreted, Vv=VM code, C=native code)


Current CompileTask:
C2:   9582 5751       4       com.sun.tools.javac.file.JavacFileManager::inferBinaryName (53 bytes)


---------------  P R O C E S S  ---------------

Java Threads: ( => current thread )
  0x000000001da5e800 JavaThread "Service Thread" daemon [_thread_blocked, id=5356, stack(0x000000001f700000,0x000000001f800000)]
  0x000000001d9f3000 JavaThread "C1 CompilerThread3" daemon [_thread_in_vm, id=5500, stack(0x000000001f570000,0x000000001f670000)]
  0x000000001d9d0000 JavaThread "C2 CompilerThread2" daemon [_thread_in_native, id=1252, stack(0x000000001f410000,0x000000001f510000)]
=>0x000000001d9ca800 JavaThread "C2 CompilerThread1" daemon [_thread_in_native, id=4700, stack(0x000000001f1f0000,0x000000001f2f0000)]
  0x000000001d9c4800 JavaThread "C2 CompilerThread0" daemon [_thread_in_native, id=6576, stack(0x000000001f040000,0x000000001f140000)]
  0x000000001d9c1000 JavaThread "Attach Listener" daemon [_thread_blocked, id=9748, stack(0x000000001ed90000,0x000000001ee90000)]
  0x000000001d9c0000 JavaThread "Signal Dispatcher" daemon [_thread_blocked, id=2864, stack(0x000000001e8e0000,0x000000001e9e0000)]
  0x000000001c912000 JavaThread "Finalizer" daemon [_thread_blocked, id=5232, stack(0x000000001eb80000,0x000000001ec80000)]
  0x000000001c90b000 JavaThread "Reference Handler" daemon [_thread_blocked, id=3732, stack(0x000000001ec90000,0x000000001ed90000)]
  0x000000000236f000 JavaThread "main" [_thread_in_Java, id=3180, stack(0x00000000025d0000,0x00000000026d0000)]

Other Threads:
  0x000000001c901800 VMThread [stack: 0x000000001ea60000,0x000000001eb60000] [id=2732]
  0x000000001da53000 WatcherThread [stack: 0x000000001ef40000,0x000000001f040000] [id=8856]

VM state:not at safepoint (normal execution)

VM Mutex/Monitor currently owned by a thread: None

Heap:
 PSYoungGen      total 149504K, used 45835K [0x000000076ab00000, 0x0000000777800000, 0x00000007c0000000)
  eden space 123392K, 37% used [0x000000076ab00000,0x000000076d7c2c38,0x0000000772380000)
  from space 26112K, 0% used [0x0000000772380000,0x0000000772380000,0x0000000773d00000)
  to   space 32768K, 0% used [0x0000000775800000,0x0000000775800000,0x0000000777800000)
 ParOldGen       total 132096K, used 50614K [0x00000006c0000000, 0x00000006c8100000, 0x000000076ab00000)
  object space 132096K, 38% used [0x00000006c0000000,0x00000006c316da40,0x00000006c8100000)
 Metaspace       used 37150K, capacity 37958K, committed 38016K, reserved 1083392K
  class space    used 4205K, capacity 4437K, committed 4480K, reserved 1048576K

Card table byte_map: [0x0000000011d60000,0x0000000012570000] byte_map_base: 0x000000000e760000

Marking Bits: (ParMarkBitMap*) 0x000000006a27d850
 Begin Bits: [0x0000000013720000, 0x0000000017720000)
 End Bits:   [0x0000000017720000, 0x000000001b720000)

Polling page: 0x0000000000130000

CodeCache: size=245760Kb used=19331Kb max_used=19331Kb free=226428Kb
 bounds [0x00000000029a0000, 0x0000000003ca0000, 0x00000000119a0000]
 total_blobs=5922 nmethods=5535 adapters=299
 compilation: enabled

Compilation events (10 events):
Event: 9.577 Thread 0x000000001d9f3000 nmethod 6133 0x0000000003c86290 code [0x0000000003c86460, 0x0000000003c86b48]
Event: 9.577 Thread 0x000000001d9f3000 6138       3       com.sun.tools.javac.comp.TransTypes::visitSelect (218 bytes)
Event: 9.577 Thread 0x000000001d9c4800 nmethod 6106 0x0000000003c86e50 code [0x0000000003c870c0, 0x0000000003c87c48]
Event: 9.577 Thread 0x000000001d9c4800 6113       4       com.sun.tools.javac.code.Types::capture (573 bytes)
Event: 9.578 Thread 0x000000001d9f3000 nmethod 6138 0x0000000003c890d0 code [0x0000000003c89520, 0x0000000003c8c388]
Event: 9.578 Thread 0x000000001d9f3000 6144       1       com.sun.tools.javac.code.Type$ArrayType::getTag (4 bytes)
Event: 9.578 Thread 0x000000001d9f3000 nmethod 6144 0x0000000003c82f90 code [0x0000000003c830e0, 0x0000000003c831f0]
Event: 9.578 Thread 0x000000001d9f3000 6142       3       com.sun.tools.javac.jvm.Code::emit2 (78 bytes)
Event: 9.578 Thread 0x000000001d9f3000 nmethod 6142 0x0000000003c82a10 code [0x0000000003c82ba0, 0x0000000003c82e78]
Event: 9.579 Thread 0x000000001d9f3000 6139       3       com.sun.tools.javac.comp.Lower::visitSelect (258 bytes)

GC Heap History (10 events):
Event: 6.765 GC heap before
{Heap before GC invocations=5 (full 0):
 PSYoungGen      total 76288K, used 43794K [0x000000076ab00000, 0x0000000774000000, 0x00000007c0000000)
  eden space 65536K, 50% used [0x000000076ab00000,0x000000076cb48468,0x000000076eb00000)
  from space 10752K, 99% used [0x0000000773580000,0x0000000773ffc3c0,0x0000000774000000)
  to   space 10752K, 0% used [0x000000076eb00000,0x000000076eb00000,0x000000076f580000)
 ParOldGen       total 175104K, used 4974K [0x00000006c0000000, 0x00000006cab00000, 0x000000076ab00000)
  object space 175104K, 2% used [0x00000006c0000000,0x00000006c04dbaa8,0x00000006cab00000)
 Metaspace       used 20488K, capacity 21138K, committed 21296K, reserved 1069056K
  class space    used 2418K, capacity 2601K, committed 2688K, reserved 1048576K
Event: 6.783 GC heap after
Heap after GC invocations=5 (full 0):
 PSYoungGen      total 76288K, used 10736K [0x000000076ab00000, 0x0000000775800000, 0x00000007c0000000)
  eden space 65536K, 0% used [0x000000076ab00000,0x000000076ab00000,0x000000076eb00000)
  from space 10752K, 99% used [0x000000076eb00000,0x000000076f57c3f0,0x000000076f580000)
  to   space 23040K, 0% used [0x0000000774180000,0x0000000774180000,0x0000000775800000)
 ParOldGen       total 175104K, used 15638K [0x00000006c0000000, 0x00000006cab00000, 0x000000076ab00000)
  object space 175104K, 8% used [0x00000006c0000000,0x00000006c0f45950,0x00000006cab00000)
 Metaspace       used 20488K, capacity 21138K, committed 21296K, reserved 1069056K
  class space    used 2418K, capacity 2601K, committed 2688K, reserved 1048576K
}
Event: 6.783 GC heap before
{Heap before GC invocations=6 (full 1):
 PSYoungGen      total 76288K, used 10736K [0x000000076ab00000, 0x0000000775800000, 0x00000007c0000000)
  eden space 65536K, 0% used [0x000000076ab00000,0x000000076ab00000,0x000000076eb00000)
  from space 10752K, 99% used [0x000000076eb00000,0x000000076f57c3f0,0x000000076f580000)
  to   space 23040K, 0% used [0x0000000774180000,0x0000000774180000,0x0000000775800000)
 ParOldGen       total 175104K, used 15638K [0x00000006c0000000, 0x00000006cab00000, 0x000000076ab00000)
  object space 175104K, 8% used [0x00000006c0000000,0x00000006c0f45950,0x00000006cab00000)
 Metaspace       used 20488K, capacity 21138K, committed 21296K, reserved 1069056K
  class space    used 2418K, capacity 2601K, committed 2688K, reserved 1048576K
Event: 6.882 GC heap after
Heap after GC invocations=6 (full 1):
 PSYoungGen      total 76288K, used 0K [0x000000076ab00000, 0x0000000775800000, 0x00000007c0000000)
  eden space 65536K, 0% used [0x000000076ab00000,0x000000076ab00000,0x000000076eb00000)
  from space 10752K, 0% used [0x000000076eb00000,0x000000076eb00000,0x000000076f580000)
  to   space 23040K, 0% used [0x0000000774180000,0x0000000774180000,0x0000000775800000)
 ParOldGen       total 132096K, used 23450K [0x00000006c0000000, 0x00000006c8100000, 0x000000076ab00000)
  object space 132096K, 17% used [0x00000006c0000000,0x00000006c16e6b00,0x00000006c8100000)
 Metaspace       used 20488K, capacity 21138K, committed 21296K, reserved 1069056K
  class space    used 2418K, capacity 2601K, committed 2688K, reserved 1048576K
}
Event: 8.059 GC heap before
{Heap before GC invocations=7 (full 1):
 PSYoungGen      total 76288K, used 65536K [0x000000076ab00000, 0x0000000775800000, 0x00000007c0000000)
  eden space 65536K, 100% used [0x000000076ab00000,0x000000076eb00000,0x000000076eb00000)
  from space 10752K, 0% used [0x000000076eb00000,0x000000076eb00000,0x000000076f580000)
  to   space 23040K, 0% used [0x0000000774180000,0x0000000774180000,0x0000000775800000)
 ParOldGen       total 132096K, used 23450K [0x00000006c0000000, 0x00000006c8100000, 0x000000076ab00000)
  object space 132096K, 17% used [0x00000006c0000000,0x00000006c16e6b00,0x00000006c8100000)
 Metaspace       used 25931K, capacity 26622K, committed 26880K, reserved 1073152K
  class space    used 3015K, capacity 3217K, committed 3328K, reserved 1048576K
Event: 8.071 GC heap after
Heap after GC invocations=7 (full 1):
 PSYoungGen      total 118784K, used 21131K [0x000000076ab00000, 0x0000000775680000, 0x00000007c0000000)
  eden space 97280K, 0% used [0x000000076ab00000,0x000000076ab00000,0x0000000770a00000)
  from space 21504K, 98% used [0x0000000774180000,0x0000000775622c78,0x0000000775680000)
  to   space 26112K, 0% used [0x0000000772380000,0x0000000772380000,0x0000000773d00000)
 ParOldGen       total 132096K, used 23458K [0x00000006c0000000, 0x00000006c8100000, 0x000000076ab00000)
  object space 132096K, 17% used [0x00000006c0000000,0x00000006c16e8b00,0x00000006c8100000)
 Metaspace       used 25931K, capacity 26622K, committed 26880K, reserved 1073152K
  class space    used 3015K, capacity 3217K, committed 3328K, reserved 1048576K
}
Event: 9.034 GC heap before
{Heap before GC invocations=8 (full 1):
 PSYoungGen      total 118784K, used 73074K [0x000000076ab00000, 0x0000000775680000, 0x00000007c0000000)
  eden space 97280K, 53% used [0x000000076ab00000,0x000000076ddb9ec8,0x0000000770a00000)
  from space 21504K, 98% used [0x0000000774180000,0x0000000775622c78,0x0000000775680000)
  to   space 26112K, 0% used [0x0000000772380000,0x0000000772380000,0x0000000773d00000)
 ParOldGen       total 132096K, used 23458K [0x00000006c0000000, 0x00000006c8100000, 0x000000076ab00000)
  object space 132096K, 17% used [0x00000006c0000000,0x00000006c16e8b00,0x00000006c8100000)
 Metaspace       used 34515K, capacity 35334K, committed 35456K, reserved 1081344K
  class space    used 3879K, capacity 4117K, committed 4224K, reserved 1048576K
Event: 9.048 GC heap after
Heap after GC invocations=8 (full 1):
 PSYoungGen      total 149504K, used 26089K [0x000000076ab00000, 0x0000000777800000, 0x00000007c0000000)
  eden space 123392K, 0% used [0x000000076ab00000,0x000000076ab00000,0x0000000772380000)
  from space 26112K, 99% used [0x0000000772380000,0x0000000773cfa510,0x0000000773d00000)
  to   space 32768K, 0% used [0x0000000775800000,0x0000000775800000,0x0000000777800000)
 ParOldGen       total 132096K, used 27970K [0x00000006c0000000, 0x00000006c8100000, 0x000000076ab00000)
  object space 132096K, 21% used [0x00000006c0000000,0x00000006c1b50810,0x00000006c8100000)
 Metaspace       used 34515K, capacity 35334K, committed 35456K, reserved 1081344K
  class space    used 3879K, capacity 4117K, committed 4224K, reserved 1048576K
}
Event: 9.048 GC heap before
{Heap before GC invocations=9 (full 2):
 PSYoungGen      total 149504K, used 26089K [0x000000076ab00000, 0x0000000777800000, 0x00000007c0000000)
  eden space 123392K, 0% used [0x000000076ab00000,0x000000076ab00000,0x0000000772380000)
  from space 26112K, 99% used [0x0000000772380000,0x0000000773cfa510,0x0000000773d00000)
  to   space 32768K, 0% used [0x0000000775800000,0x0000000775800000,0x0000000777800000)
 ParOldGen       total 132096K, used 27970K [0x00000006c0000000, 0x00000006c8100000, 0x000000076ab00000)
  object space 132096K, 21% used [0x00000006c0000000,0x00000006c1b50810,0x00000006c8100000)
 Metaspace       used 34515K, capacity 35334K, committed 35456K, reserved 1081344K
  class space    used 3879K, capacity 4117K, committed 4224K, reserved 1048576K
Event: 9.136 GC heap after
Heap after GC invocations=9 (full 2):
 PSYoungGen      total 149504K, used 0K [0x000000076ab00000, 0x0000000777800000, 0x00000007c0000000)
  eden space 123392K, 0% used [0x000000076ab00000,0x000000076ab00000,0x0000000772380000)
  from space 26112K, 0% used [0x0000000772380000,0x0000000772380000,0x0000000773d00000)
  to   space 32768K, 0% used [0x0000000775800000,0x0000000775800000,0x0000000777800000)
 ParOldGen       total 132096K, used 50614K [0x00000006c0000000, 0x00000006c8100000, 0x000000076ab00000)
  object space 132096K, 38% used [0x00000006c0000000,0x00000006c316da40,0x00000006c8100000)
 Metaspace       used 34515K, capacity 35334K, committed 35456K, reserved 1081344K
  class space    used 3879K, capacity 4117K, committed 4224K, reserved 1048576K
}

Deoptimization events (10 events):
Event: 9.425 Thread 0x000000000236f000 Uncommon trap: reason=class_check action=maybe_recompile pc=0x0000000003969160 method=com.sun.tools.javac.code.Type.containsAny(Lcom/sun/tools/javac/util/List;)Z @ 6
Event: 9.428 Thread 0x000000000236f000 Uncommon trap: reason=class_check action=maybe_recompile pc=0x0000000003969160 method=com.sun.tools.javac.code.Type.containsAny(Lcom/sun/tools/javac/util/List;)Z @ 6
Event: 9.436 Thread 0x000000000236f000 Uncommon trap: reason=unstable_if action=reinterpret pc=0x00000000039ec9e8 method=com.sun.tools.javac.code.Scope.lookup(Lcom/sun/tools/javac/util/Name;Lcom/sun/tools/javac/util/Filter;)Lcom/sun/tools/javac/code/Scope$Entry; @ 54
Event: 9.488 Thread 0x000000000236f000 Uncommon trap: reason=unstable_if action=reinterpret pc=0x0000000003bb6d28 method=com.sun.tools.javac.code.Types$18.visitClassType(Lcom/sun/tools/javac/code/Type$ClassType;Ljava/lang/Void;)Lcom/sun/tools/javac/code/Type; @ 75
Event: 9.499 Thread 0x000000000236f000 Uncommon trap: reason=unstable_if action=reinterpret pc=0x0000000003943de4 method=com.sun.tools.javac.util.ListBuffer.append(Ljava/lang/Object;)Lcom/sun/tools/javac/util/ListBuffer; @ 9
Event: 9.502 Thread 0x000000000236f000 Uncommon trap: reason=unstable_if action=reinterpret pc=0x0000000003bbfc00 method=com.sun.tools.javac.util.ArrayUtils.ensureCapacity([BI)[B @ 3
Event: 9.516 Thread 0x000000000236f000 Uncommon trap: reason=class_check action=maybe_recompile pc=0x0000000003bbb20c method=com.sun.tools.javac.comp.Check.checkType(Lcom/sun/tools/javac/util/JCDiagnostic$DiagnosticPosition;Lcom/sun/tools/javac/code/Type;Lcom/sun/tools/javac/code/Type;Lcom/sun
Event: 9.516 Thread 0x000000000236f000 Uncommon trap: reason=class_check action=maybe_recompile pc=0x0000000003bbb20c method=com.sun.tools.javac.comp.Check.checkType(Lcom/sun/tools/javac/util/JCDiagnostic$DiagnosticPosition;Lcom/sun/tools/javac/code/Type;Lcom/sun/tools/javac/code/Type;Lcom/sun
Event: 9.516 Thread 0x000000000236f000 Uncommon trap: reason=class_check action=maybe_recompile pc=0x0000000003bbb20c method=com.sun.tools.javac.comp.Check.checkType(Lcom/sun/tools/javac/util/JCDiagnostic$DiagnosticPosition;Lcom/sun/tools/javac/code/Type;Lcom/sun/tools/javac/code/Type;Lcom/sun
Event: 9.538 Thread 0x000000000236f000 Uncommon trap: reason=class_check action=maybe_recompile pc=0x0000000003bbb20c method=com.sun.tools.javac.comp.Check.checkType(Lcom/sun/tools/javac/util/JCDiagnostic$DiagnosticPosition;Lcom/sun/tools/javac/code/Type;Lcom/sun/tools/javac/code/Type;Lcom/sun

Internal exceptions (10 events):
Event: 5.959 Thread 0x000000000236f000 Exception <a 'java/lang/NoClassDefFoundError': org/slf4j/Logger> (0x000000076dff2bf0) thrown at [C:\re\workspace\8-2-build-windows-amd64-cygwin\jdk8u144\9417\hotspot\src\share\vm\oops\constantPool.cpp, line 235]
Event: 6.036 Thread 0x000000000236f000 Exception <a 'java/lang/NoClassDefFoundError': org/slf4j/Logger> (0x000000076e5622a8) thrown at [C:\re\workspace\8-2-build-windows-amd64-cygwin\jdk8u144\9417\hotspot\src\share\vm\oops\constantPool.cpp, line 235]
Event: 6.691 Thread 0x000000000236f000 Exception <a 'java/io/FileNotFoundException'> (0x000000076bb61a18) thrown at [C:\re\workspace\8-2-build-windows-amd64-cygwin\jdk8u144\9417\hotspot\src\share\vm\prims\jni.cpp, line 709]
Event: 6.693 Thread 0x000000000236f000 Exception <a 'java/io/FileNotFoundException'> (0x000000076bb95cd0) thrown at [C:\re\workspace\8-2-build-windows-amd64-cygwin\jdk8u144\9417\hotspot\src\share\vm\prims\jni.cpp, line 709]
Event: 7.975 Thread 0x000000000236f000 Exception <a 'java/io/FileNotFoundException'> (0x000000076d329458) thrown at [C:\re\workspace\8-2-build-windows-amd64-cygwin\jdk8u144\9417\hotspot\src\share\vm\prims\jni.cpp, line 709]
Event: 7.976 Thread 0x000000000236f000 Exception <a 'java/io/FileNotFoundException'> (0x000000076d35d710) thrown at [C:\re\workspace\8-2-build-windows-amd64-cygwin\jdk8u144\9417\hotspot\src\share\vm\prims\jni.cpp, line 709]
Event: 9.300 Thread 0x000000000236f000 Exception <a 'java/io/FileNotFoundException'> (0x000000076bd11d10) thrown at [C:\re\workspace\8-2-build-windows-amd64-cygwin\jdk8u144\9417\hotspot\src\share\vm\prims\jni.cpp, line 709]
Event: 9.300 Thread 0x000000000236f000 Exception <a 'java/io/FileNotFoundException'> (0x000000076bd129b0) thrown at [C:\re\workspace\8-2-build-windows-amd64-cygwin\jdk8u144\9417\hotspot\src\share\vm\prims\jni.cpp, line 709]
Event: 9.301 Thread 0x000000000236f000 Exception <a 'java/io/FileNotFoundException'> (0x000000076bd13c30) thrown at [C:\re\workspace\8-2-build-windows-amd64-cygwin\jdk8u144\9417\hotspot\src\share\vm\prims\jni.cpp, line 709]
Event: 9.301 Thread 0x000000000236f000 Exception <a 'java/io/FileNotFoundException'> (0x000000076bd14960) thrown at [C:\re\workspace\8-2-build-windows-amd64-cygwin\jdk8u144\9417\hotspot\src\share\vm\prims\jni.cpp, line 709]

Events (10 events):
Event: 9.516 Thread 0x000000000236f000 DEOPT PACKING pc=0x0000000003bbb20c sp=0x00000000026cbd10
Event: 9.516 Thread 0x000000000236f000 DEOPT UNPACKING pc=0x00000000029e582a sp=0x00000000026cbce8 mode 2
Event: 9.516 Thread 0x000000000236f000 Uncommon trap: trap_request=0xffffffde fr.pc=0x0000000003bbb20c
Event: 9.516 Thread 0x000000000236f000 DEOPT PACKING pc=0x0000000003bbb20c sp=0x00000000026cbd10
Event: 9.516 Thread 0x000000000236f000 DEOPT UNPACKING pc=0x00000000029e582a sp=0x00000000026cbce8 mode 2
Event: 9.538 Thread 0x000000000236f000 Uncommon trap: trap_request=0xffffffde fr.pc=0x0000000003bbb20c
Event: 9.538 Thread 0x000000000236f000 DEOPT PACKING pc=0x0000000003bbb20c sp=0x00000000026cbe20
Event: 9.538 Thread 0x000000000236f000 DEOPT UNPACKING pc=0x00000000029e582a sp=0x00000000026cbdf8 mode 2
Event: 9.557 Executing VM operation: ForceSafepoint
Event: 9.557 Executing VM operation: ForceSafepoint done


Dynamic libraries:
0x000000013f030000 - 0x000000013f067000 	C:\Program Files\Java\jdk1.8.0_144\bin\java.exe
0x0000000077990000 - 0x0000000077b3a000 	C:\Windows\SYSTEM32\ntdll.dll
0x0000000077870000 - 0x000000007798f000 	C:\Windows\system32\kernel32.dll
0x000007fefd750000 - 0x000007fefd7ba000 	C:\Windows\system32\KERNELBASE.dll
0x000007feffbc0000 - 0x000007feffc9b000 	C:\Windows\system32\ADVAPI32.dll
0x000007fefef50000 - 0x000007fefefef000 	C:\Windows\system32\msvcrt.dll
0x000007feff160000 - 0x000007feff17f000 	C:\Windows\SYSTEM32\sechost.dll
0x000007feff3a0000 - 0x000007feff4cd000 	C:\Windows\system32\RPCRT4.dll
0x0000000077770000 - 0x000000007786a000 	C:\Windows\system32\USER32.dll
0x000007fefebc0000 - 0x000007fefec27000 	C:\Windows\system32\GDI32.dll
0x000007feff5b0000 - 0x000007feff5be000 	C:\Windows\system32\LPK.dll
0x000007fefeff0000 - 0x000007feff0bb000 	C:\Windows\system32\USP10.dll
0x000007fefc080000 - 0x000007fefc274000 	C:\Windows\WinSxS\amd64_microsoft.windows.common-controls_6595b64144ccf1df_6.0.7601.18837_none_fa3b1e3d17594757\COMCTL32.dll
0x000007feff290000 - 0x000007feff301000 	C:\Windows\system32\SHLWAPI.dll
0x000007feff5c0000 - 0x000007feff5ee000 	C:\Windows\system32\IMM32.DLL
0x000007feff180000 - 0x000007feff289000 	C:\Windows\system32\MSCTF.dll
0x000000006d5f0000 - 0x000000006d6c2000 	C:\Program Files\Java\jdk1.8.0_144\jre\bin\msvcr100.dll
0x0000000069a60000 - 0x000000006a2fd000 	C:\Program Files\Java\jdk1.8.0_144\jre\bin\server\jvm.dll
0x000007fef5b30000 - 0x000007fef5b39000 	C:\Windows\system32\WSOCK32.dll
0x000007fefec30000 - 0x000007fefec7d000 	C:\Windows\system32\WS2_32.dll
0x000007feff390000 - 0x000007feff398000 	C:\Windows\system32\NSI.dll
0x000007fefb6e0000 - 0x000007fefb71b000 	C:\Windows\system32\WINMM.dll
0x000007fefc740000 - 0x000007fefc74c000 	C:\Windows\system32\VERSION.dll
0x0000000077b60000 - 0x0000000077b67000 	C:\Windows\system32\PSAPI.DLL
0x0000000071be0000 - 0x0000000071bef000 	C:\Program Files\Java\jdk1.8.0_144\jre\bin\verify.dll
0x000000006ebe0000 - 0x000000006ec09000 	C:\Program Files\Java\jdk1.8.0_144\jre\bin\java.dll
0x000000006e720000 - 0x000000006e736000 	C:\Program Files\Java\jdk1.8.0_144\jre\bin\zip.dll
0x000007fefda40000 - 0x000007fefe7cb000 	C:\Windows\system32\SHELL32.dll
0x000007feff920000 - 0x000007feffb1c000 	C:\Windows\system32\ole32.dll
0x000007fefd680000 - 0x000007fefd68f000 	C:\Windows\system32\profapi.dll
0x000007fefd530000 - 0x000007fefd587000 	C:\Windows\system32\apphelp.dll
0x000000006e700000 - 0x000000006e71a000 	C:\Program Files\Java\jdk1.8.0_144\jre\bin\net.dll
0x000007fefce10000 - 0x000007fefce65000 	C:\Windows\system32\mswsock.dll
0x000007fefce00000 - 0x000007fefce07000 	C:\Windows\System32\wship6.dll
0x000000006e3b0000 - 0x000000006e3c1000 	C:\Program Files\Java\jdk1.8.0_144\jre\bin\nio.dll

VM Arguments:
jvm_args: -Dclassworlds.conf=C:\Program Files\NetBeans 8.2\java\maven\bin\m2.conf -Dmaven.home=C:\Program Files\NetBeans 8.2\java\maven 
java_command: org.codehaus.plexus.classworlds.launcher.Launcher -DskipTests=true -Dmaven.ext.class.path=C:\Program Files\NetBeans 8.2\java\maven-nblib\netbeans-eventspy.jar -Dfile.encoding=UTF-8 clean install
java_class_path (initial): C:\Program Files\NetBeans 8.2\java\maven\boot\plexus-classworlds-2.4.jar
Launcher Type: SUN_STANDARD

Environment Variables:
JAVA_HOME=C:\Program Files\Java\jdk1.8.0_144
PATH=C:\ProgramData\Oracle\Java\javapath;C:\Windows\system32;C:\Windows;C:\Windows\System32\Wbem;C:\Windows\System32\WindowsPowerShell\v1.0\;C:\Program Files\Git\cmd;C:\Program Files\nodejs\
USERNAME=m.rodriguez21
OS=Windows_NT
PROCESSOR_IDENTIFIER=Intel64 Family 6 Model 26 Stepping 4, GenuineIntel



---------------  S Y S T E M  ---------------

OS: Windows 7 , 64 bit Build 7601 (6.1.7601.23807)

CPU:total 8 (initial active 8) (4 cores per cpu, 1 threads per core) family 6 model 26 stepping 4, cmov, cx8, fxsr, mmx, sse, sse2, sse3, ssse3, sse4.1, sse4.2, popcnt, tsc, tscinvbit, tscinv

Memory: 4k page, physical 16776628k(1113252k free), swap 67104652k(6272k free)

vm_info: Java HotSpot(TM) 64-Bit Server VM (25.144-b01) for windows-amd64 JRE (1.8.0_144-b01), built on Jul 21 2017 21:57:33 by "java_re" with MS VC++ 10.0 (VS2010)

time: Tue Oct 31 18:47:11 2017
elapsed time: 9 seconds (0d 0h 0m 9s)

