----------------------------------------------------------------
<<<<<<< HEAD
Tue Sep 12 20:14:38 COT 2017:
 Iniciando instancia a816c00e-015e-78cd-5eef-0000162c2d40 de Derby, versión The Apache Software Foundation - Apache Derby - 10.10.2.0 - (1582446): 
en el directorio de base de datos C:\Users\jc.sanchez12\AppData\Local\Temp\gfembed3066362388510213907tmp\lib\databases\embedded_default con el cargador de clases sun.misc.Launcher$AppClassLoader@18b4aac2
Cargado desde file:/C:/Users/jc.sanchez12/.m2/repository/org/glassfish/main/extras/glassfish-embedded-all/4.1/glassfish-embedded-all-4.1.jar
java.vendor=Oracle Corporation
java.runtime.version=1.8.0_144-b01
user.dir=C:\Users\jc.sanchez12\Documents\NetBeansProjects\s1_viajes\viajes\viajes-back
=======
Tue Sep 12 12:49:06 COT 2017:
 Iniciando instancia a816c00e-015e-7735-777a-000011d28898 de Derby, versión The Apache Software Foundation - Apache Derby - 10.10.2.0 - (1582446): 
en el directorio de base de datos C:\Users\wr.ravelo\AppData\Local\Temp\gfembed909037600166420659tmp\lib\databases\embedded_default con el cargador de clases sun.misc.Launcher$AppClassLoader@4aa298b7
Cargado desde file:/C:/Users/wr.ravelo/.m2/repository/org/glassfish/main/extras/glassfish-embedded-all/4.1/glassfish-embedded-all-4.1.jar
java.vendor=Oracle Corporation
java.runtime.version=1.8.0_121-b13
user.dir=C:\Users\wr.ravelo\Downloads\s1_viajes\viajes\viajes-back
>>>>>>> 27d3b1cf9162116dc889c66a9842141fdf35595e
os.name=Windows 7
os.arch=amd64
os.version=6.1
derby.system.home=null
Cargador de clases de base de datos iniciado - derby.database.classpath=''
