----------------------------------------------------------------
<<<<<<< HEAD
Fri Sep 22 19:00:36 COT 2017:
 Iniciando instancia a816c00e-015e-ac09-2fbc-00000d50b210 de Derby, versión The Apache Software Foundation - Apache Derby - 10.10.2.0 - (1582446): 
en el directorio de base de datos C:\Users\tv.huertas10\AppData\Local\Temp\gfembed156142911277342071tmp\lib\databases\embedded_default con el cargador de clases sun.misc.Launcher$AppClassLoader@6bc7c054
Cargado desde file:/C:/Users/tv.huertas10/.m2/repository/org/glassfish/main/extras/glassfish-embedded-all/4.1/glassfish-embedded-all-4.1.jar
=======
Fri Sep 22 13:03:44 GMT-05:00 2017:
 Iniciando instancia a816c00e-015e-aac2-75ed-000012ca2900 de Derby, versión The Apache Software Foundation - Apache Derby - 10.10.2.0 - (1582446): 
en el directorio de base de datos C:\Users\Juan\AppData\Local\Temp\gfembed780753333489705427tmp\lib\databases\embedded_default con el cargador de clases sun.misc.Launcher$AppClassLoader@18b4aac2
Cargado desde file:/C:/Users/Juan/.m2/repository/org/glassfish/main/extras/glassfish-embedded-all/4.1/glassfish-embedded-all-4.1.jar
>>>>>>> 4123f5e97e393157b466513e463af9deea7630f0
java.vendor=Oracle Corporation
java.runtime.version=1.8.0_144-b01
user.dir=C:\Users\Juan\Documents\NetBeansProjects\s1_viajes\viajes-back
os.name=Windows 10
os.arch=amd64
os.version=10.0
derby.system.home=null
Cargador de clases de base de datos iniciado - derby.database.classpath=''
